2021-01-07 01:08:07,682 WARN  o.s.context.support.ClassPathXmlApplicationContext.refresh:596 - Exception encountered during context initialization - cancelling refresh attempt: org.springframework.beans.factory.UnsatisfiedDependencyException: Error creating bean with name 'userService' defined in file [C:\projects\graduation\target\classes\ru\shurik16\graduation\service\UserService.class]: Unsatisfied dependency expressed through constructor parameter 0; nested exception is org.springframework.beans.factory.NoSuchBeanDefinitionException: No qualifying bean of type 'ru.shurik16.graduation.repository.UserRepository' available: expected at least 1 bean which qualifies as autowire candidate. Dependency annotations: {}
2021-01-07 01:14:28,195 INFO  o.s.d.r.config.RepositoryConfigurationDelegate.registerRepositoriesIn:128 - Bootstrapping Spring Data JPA repositories in DEFAULT mode.
2021-01-07 01:14:28,472 INFO  o.s.d.r.config.RepositoryConfigurationDelegate.registerRepositoriesIn:188 - Finished Spring Data repository scanning in 241 ms. Found 1 JPA repository interfaces.
2021-01-07 01:14:29,070 WARN  o.s.context.support.ClassPathXmlApplicationContext.refresh:596 - Exception encountered during context initialization - cancelling refresh attempt: org.springframework.beans.factory.BeanCreationException: Error creating bean with name 'entityManagerFactory' defined in class path resource [spring/spring-db.xml]: Cannot resolve reference to bean 'dataSource' while setting bean property 'dataSource'; nested exception is org.springframework.beans.factory.BeanCreationException: Error creating bean with name 'dataSource' defined in class path resource [spring/spring-db.xml]: Error setting property values; nested exception is org.springframework.beans.PropertyBatchUpdateException; nested PropertyAccessExceptions (1) are:
PropertyAccessException 1: org.springframework.beans.MethodInvocationException: Property 'driverClassName' threw exception; nested exception is java.lang.IllegalStateException: Could not load JDBC driver class [org.hsqldb.jdbcDriver]
2021-01-07 01:25:47,359 INFO  o.s.d.r.config.RepositoryConfigurationDelegate.registerRepositoriesIn:128 - Bootstrapping Spring Data JPA repositories in DEFAULT mode.
2021-01-07 01:25:47,653 INFO  o.s.d.r.config.RepositoryConfigurationDelegate.registerRepositoriesIn:188 - Finished Spring Data repository scanning in 248 ms. Found 1 JPA repository interfaces.
2021-01-07 01:25:48,418 WARN  o.s.context.support.ClassPathXmlApplicationContext.refresh:596 - Exception encountered during context initialization - cancelling refresh attempt: org.springframework.beans.factory.BeanCreationException: Error creating bean with name 'entityManagerFactory' defined in class path resource [spring/spring-db.xml]: Cannot resolve reference to bean 'dataSource' while setting bean property 'dataSource'; nested exception is org.springframework.beans.factory.BeanCreationException: Error creating bean with name 'dataSource' defined in class path resource [spring/spring-db.xml]: Error setting property values; nested exception is org.springframework.beans.PropertyBatchUpdateException; nested PropertyAccessExceptions (1) are:
PropertyAccessException 1: org.springframework.beans.MethodInvocationException: Property 'driverClassName' threw exception; nested exception is java.lang.IllegalStateException: Could not load JDBC driver class [org.hsqldb.jdbcDriver]
2021-01-07 01:27:06,892 INFO  o.s.d.r.config.RepositoryConfigurationDelegate.registerRepositoriesIn:128 - Bootstrapping Spring Data JPA repositories in DEFAULT mode.
2021-01-07 01:27:07,209 INFO  o.s.d.r.config.RepositoryConfigurationDelegate.registerRepositoriesIn:188 - Finished Spring Data repository scanning in 273 ms. Found 1 JPA repository interfaces.
2021-01-07 01:27:07,928 INFO  org.hibernate.jpa.internal.util.LogHelper.logPersistenceUnitInformation:31 - HHH000204: Processing PersistenceUnitInfo [name: default]
2021-01-07 01:27:08,039 INFO  org.hibernate.Version.logVersion:44 - HHH000412: Hibernate ORM core version 5.4.22.Final
2021-01-07 01:27:08,357 INFO  org.hibernate.annotations.common.Version.<clinit>:49 - HCANN000001: Hibernate Commons Annotations {5.1.0.Final}
2021-01-07 01:27:09,230 INFO  org.hibernate.dialect.Dialect.<init>:170 - HHH000400: Using dialect: org.hibernate.dialect.HSQLDialect
2021-01-07 01:27:09,857 INFO  org.hibernate.validator.internal.util.Version.<clinit>:21 - HV000001: Hibernate Validator 6.1.6.Final
2021-01-07 01:27:09,934 WARN  org.hibernate.orm.cache.stop:122 - HHH90001002: Attempt to restop an already stopped JCacheRegionFactory.
2021-01-07 01:27:09,936 WARN  o.s.context.support.ClassPathXmlApplicationContext.refresh:596 - Exception encountered during context initialization - cancelling refresh attempt: org.springframework.beans.factory.BeanCreationException: Error creating bean with name 'entityManagerFactory' defined in class path resource [spring/spring-db.xml]: Invocation of init method failed; nested exception is javax.persistence.PersistenceException: [PersistenceUnit: default] Unable to build Hibernate SessionFactory; nested exception is java.lang.IllegalStateException: Cache provider not started
2021-01-07 01:29:35,684 INFO  o.s.d.r.config.RepositoryConfigurationDelegate.registerRepositoriesIn:128 - Bootstrapping Spring Data JPA repositories in DEFAULT mode.
2021-01-07 01:29:35,963 INFO  o.s.d.r.config.RepositoryConfigurationDelegate.registerRepositoriesIn:188 - Finished Spring Data repository scanning in 239 ms. Found 1 JPA repository interfaces.
2021-01-07 01:29:36,602 WARN  o.s.context.support.ClassPathXmlApplicationContext.refresh:596 - Exception encountered during context initialization - cancelling refresh attempt: org.springframework.beans.factory.BeanCreationException: Error creating bean with name 'entityManagerFactory' defined in class path resource [spring/spring-db.xml]: Cannot create inner bean 'org.springframework.orm.jpa.vendor.HibernateJpaVendorAdapter#4808bc9b' of type [org.springframework.orm.jpa.vendor.HibernateJpaVendorAdapter] while setting bean property 'jpaVendorAdapter'; nested exception is org.springframework.beans.factory.BeanCreationException: Error creating bean with name 'org.springframework.orm.jpa.vendor.HibernateJpaVendorAdapter#4808bc9b' defined in class path resource [spring/spring-db.xml]: Initialization of bean failed; nested exception is org.springframework.beans.factory.BeanCreationException: Error creating bean with name 'org.springframework.cache.config.internalCacheAdvisor': Cannot resolve reference to bean 'org.springframework.cache.annotation.AnnotationCacheOperationSource#0' while setting bean property 'cacheOperationSource'; nested exception is org.springframework.beans.factory.BeanCreationException: Error creating bean with name 'org.springframework.cache.annotation.AnnotationCacheOperationSource#0': Initialization of bean failed; nested exception is org.springframework.beans.factory.BeanCreationException: Error creating bean with name 'org.springframework.cache.config.internalJCacheAdvisor': Cannot resolve reference to bean 'org.springframework.cache.jcache.interceptor.DefaultJCacheOperationSource#0' while setting bean property 'cacheOperationSource'; nested exception is org.springframework.beans.factory.BeanCreationException: Error creating bean with name 'org.springframework.cache.jcache.interceptor.DefaultJCacheOperationSource#0': Cannot resolve reference to bean 'ehCacheManager' while setting bean property 'cacheManager'; nested exception is org.springframework.beans.factory.BeanCreationException: Error creating bean with name 'ehCacheManager' defined in class path resource [spring/spring-cache.xml]: Cannot create inner bean 'org.springframework.cache.jcache.JCacheManagerFactoryBean#4c1909a3' of type [org.springframework.cache.jcache.JCacheManagerFactoryBean] while setting bean property 'cacheManager'; nested exception is org.springframework.beans.factory.BeanCreationException: Error creating bean with name 'org.springframework.cache.jcache.JCacheManagerFactoryBean#4c1909a3' defined in class path resource [spring/spring-cache.xml]: Initialization of bean failed; nested exception is org.springframework.beans.TypeMismatchException: Failed to convert property value of type 'java.lang.String' to required type 'java.net.URI' for property 'cacheManagerUri'; nested exception is java.lang.IllegalArgumentException: Could not retrieve URI for class path resource [cache/ehcache.xml]: class path resource [cache/ehcache.xml] cannot be resolved to URL because it does not exist
2021-01-07 01:31:34,962 INFO  o.s.d.r.config.RepositoryConfigurationDelegate.registerRepositoriesIn:128 - Bootstrapping Spring Data JPA repositories in DEFAULT mode.
2021-01-07 01:31:35,233 INFO  o.s.d.r.config.RepositoryConfigurationDelegate.registerRepositoriesIn:188 - Finished Spring Data repository scanning in 228 ms. Found 1 JPA repository interfaces.
2021-01-07 01:31:36,903 INFO  org.ehcache.core.EhcacheManager.createCache:305 - Cache 'users' created in EhcacheManager.
2021-01-07 01:31:36,953 INFO  org.ehcache.jsr107.Eh107CacheManager.registerObject:389 - Registering Ehcache MBean javax.cache:type=CacheStatistics,CacheManager=file./C./projects/graduation/target/classes/cache/ehcache.xml,Cache=users
2021-01-07 01:31:37,008 INFO  org.ehcache.jsr107.Eh107CacheManager.registerObject:389 - Registering Ehcache MBean javax.cache:type=CacheStatistics,CacheManager=file./C./projects/graduation/target/classes/cache/ehcache.xml,Cache=users
2021-01-07 01:31:37,156 INFO  org.hibernate.jpa.internal.util.LogHelper.logPersistenceUnitInformation:31 - HHH000204: Processing PersistenceUnitInfo [name: default]
2021-01-07 01:31:37,228 INFO  org.hibernate.Version.logVersion:44 - HHH000412: Hibernate ORM core version 5.4.22.Final
2021-01-07 01:31:37,460 INFO  org.hibernate.annotations.common.Version.<clinit>:49 - HCANN000001: Hibernate Commons Annotations {5.1.0.Final}
2021-01-07 01:31:38,285 INFO  org.hibernate.dialect.Dialect.<init>:170 - HHH000400: Using dialect: org.hibernate.dialect.HSQLDialect
2021-01-07 01:31:38,799 INFO  org.hibernate.validator.internal.util.Version.<clinit>:21 - HV000001: Hibernate Validator 6.1.6.Final
2021-01-07 01:31:38,888 WARN  org.hibernate.orm.cache.createCache:108 - HHH90001006: Missing cache[ru.shurik16.graduation.model.User.roles] was created on-the-fly. The created cache will use a provider-specific default configuration: make sure you defined one. You can disable this warning by setting 'hibernate.javax.cache.missing_cache_strategy' to 'create'.
2021-01-07 01:31:38,907 INFO  org.ehcache.core.EhcacheManager.createCache:305 - Cache 'ru.shurik16.graduation.model.User.roles' created in EhcacheManager.
2021-01-07 01:31:38,913 WARN  org.hibernate.orm.cache.createCache:108 - HHH90001006: Missing cache[ru.shurik16.graduation.model.User] was created on-the-fly. The created cache will use a provider-specific default configuration: make sure you defined one. You can disable this warning by setting 'hibernate.javax.cache.missing_cache_strategy' to 'create'.
2021-01-07 01:31:38,920 INFO  org.ehcache.core.EhcacheManager.createCache:305 - Cache 'ru.shurik16.graduation.model.User' created in EhcacheManager.
2021-01-07 01:31:39,584 INFO  o.h.e.t.jta.platform.internal.JtaPlatformInitiator.initiateService:52 - HHH000490: Using JtaPlatform implementation: [org.hibernate.engine.transaction.jta.platform.internal.NoJtaPlatform]
2021-01-07 01:31:39,763 INFO  o.s.orm.jpa.LocalContainerEntityManagerFactoryBean.buildNativeEntityManagerFactory:434 - Initialized JPA EntityManagerFactory for persistence unit 'default'
2021-01-07 01:31:41,142 INFO  o.s.orm.jpa.LocalContainerEntityManagerFactoryBean.destroy:648 - Closing JPA EntityManagerFactory for persistence unit 'default'
2021-01-07 01:31:41,151 INFO  org.ehcache.core.EhcacheManager.removeCache:216 - Cache 'ru.shurik16.graduation.model.User' removed from EhcacheManager.
2021-01-07 01:31:41,153 INFO  org.ehcache.core.EhcacheManager.removeCache:216 - Cache 'ru.shurik16.graduation.model.User.roles' removed from EhcacheManager.
2021-01-07 01:31:41,171 INFO  org.ehcache.core.EhcacheManager.removeCache:216 - Cache 'users' removed from EhcacheManager.
2021-01-07 01:35:32,857 INFO  o.s.d.r.config.RepositoryConfigurationDelegate.registerRepositoriesIn:128 - Bootstrapping Spring Data JPA repositories in DEFAULT mode.
2021-01-07 01:35:33,153 INFO  o.s.d.r.config.RepositoryConfigurationDelegate.registerRepositoriesIn:188 - Finished Spring Data repository scanning in 255 ms. Found 1 JPA repository interfaces.
2021-01-07 01:35:34,731 INFO  org.ehcache.core.EhcacheManager.createCache:305 - Cache 'users' created in EhcacheManager.
2021-01-07 01:35:34,786 INFO  org.ehcache.jsr107.Eh107CacheManager.registerObject:389 - Registering Ehcache MBean javax.cache:type=CacheStatistics,CacheManager=file./C./projects/graduation/target/classes/cache/ehcache.xml,Cache=users
2021-01-07 01:35:34,837 INFO  org.ehcache.jsr107.Eh107CacheManager.registerObject:389 - Registering Ehcache MBean javax.cache:type=CacheStatistics,CacheManager=file./C./projects/graduation/target/classes/cache/ehcache.xml,Cache=users
2021-01-07 01:35:34,987 INFO  org.hibernate.jpa.internal.util.LogHelper.logPersistenceUnitInformation:31 - HHH000204: Processing PersistenceUnitInfo [name: default]
2021-01-07 01:35:35,060 INFO  org.hibernate.Version.logVersion:44 - HHH000412: Hibernate ORM core version 5.4.22.Final
2021-01-07 01:35:35,364 INFO  org.hibernate.annotations.common.Version.<clinit>:49 - HCANN000001: Hibernate Commons Annotations {5.1.0.Final}
2021-01-07 01:35:36,111 INFO  org.hibernate.dialect.Dialect.<init>:170 - HHH000400: Using dialect: org.hibernate.dialect.HSQLDialect
2021-01-07 01:35:36,618 INFO  org.hibernate.validator.internal.util.Version.<clinit>:21 - HV000001: Hibernate Validator 6.1.6.Final
2021-01-07 01:35:36,684 WARN  org.hibernate.orm.cache.createCache:108 - HHH90001006: Missing cache[ru.shurik16.graduation.model.User] was created on-the-fly. The created cache will use a provider-specific default configuration: make sure you defined one. You can disable this warning by setting 'hibernate.javax.cache.missing_cache_strategy' to 'create'.
2021-01-07 01:35:36,696 INFO  org.ehcache.core.EhcacheManager.createCache:305 - Cache 'ru.shurik16.graduation.model.User' created in EhcacheManager.
2021-01-07 01:35:36,699 WARN  org.hibernate.orm.cache.createCache:108 - HHH90001006: Missing cache[ru.shurik16.graduation.model.User.roles] was created on-the-fly. The created cache will use a provider-specific default configuration: make sure you defined one. You can disable this warning by setting 'hibernate.javax.cache.missing_cache_strategy' to 'create'.
2021-01-07 01:35:36,706 INFO  org.ehcache.core.EhcacheManager.createCache:305 - Cache 'ru.shurik16.graduation.model.User.roles' created in EhcacheManager.
2021-01-07 01:35:37,342 INFO  o.h.e.t.jta.platform.internal.JtaPlatformInitiator.initiateService:52 - HHH000490: Using JtaPlatform implementation: [org.hibernate.engine.transaction.jta.platform.internal.NoJtaPlatform]
2021-01-07 01:35:37,521 INFO  o.s.orm.jpa.LocalContainerEntityManagerFactoryBean.buildNativeEntityManagerFactory:434 - Initialized JPA EntityManagerFactory for persistence unit 'default'
2021-01-07 01:35:38,731 INFO  r.shurik16.graduation.web.user.AdminRestController.create:31 - create User{id=null, email=email@mail.ru, name=userName, enabled=true, roles=[ADMIN]}
2021-01-07 01:35:38,968 INFO  o.s.orm.jpa.LocalContainerEntityManagerFactoryBean.destroy:648 - Closing JPA EntityManagerFactory for persistence unit 'default'
2021-01-07 01:35:38,975 INFO  org.ehcache.core.EhcacheManager.removeCache:216 - Cache 'ru.shurik16.graduation.model.User' removed from EhcacheManager.
2021-01-07 01:35:38,977 INFO  org.ehcache.core.EhcacheManager.removeCache:216 - Cache 'ru.shurik16.graduation.model.User.roles' removed from EhcacheManager.
2021-01-07 01:35:38,994 INFO  org.ehcache.core.EhcacheManager.removeCache:216 - Cache 'users' removed from EhcacheManager.
2021-01-07 11:34:58,114 INFO  o.s.d.r.config.RepositoryConfigurationDelegate.registerRepositoriesIn:128 - Bootstrapping Spring Data JPA repositories in DEFAULT mode.
2021-01-07 11:34:58,379 INFO  o.s.d.r.config.RepositoryConfigurationDelegate.registerRepositoriesIn:188 - Finished Spring Data repository scanning in 230 ms. Found 1 JPA repository interfaces.
2021-01-07 11:35:00,104 INFO  org.ehcache.core.EhcacheManager.createCache:305 - Cache 'users' created in EhcacheManager.
2021-01-07 11:35:00,156 INFO  org.ehcache.jsr107.Eh107CacheManager.registerObject:389 - Registering Ehcache MBean javax.cache:type=CacheStatistics,CacheManager=file./C./projects/graduation/target/classes/cache/ehcache.xml,Cache=users
2021-01-07 11:35:00,212 INFO  org.ehcache.jsr107.Eh107CacheManager.registerObject:389 - Registering Ehcache MBean javax.cache:type=CacheStatistics,CacheManager=file./C./projects/graduation/target/classes/cache/ehcache.xml,Cache=users
2021-01-07 11:35:00,401 INFO  org.hibernate.jpa.internal.util.LogHelper.logPersistenceUnitInformation:31 - HHH000204: Processing PersistenceUnitInfo [name: default]
2021-01-07 11:35:00,509 INFO  org.hibernate.Version.logVersion:44 - HHH000412: Hibernate ORM core version 5.4.22.Final
2021-01-07 11:35:00,814 INFO  org.hibernate.annotations.common.Version.<clinit>:49 - HCANN000001: Hibernate Commons Annotations {5.1.0.Final}
2021-01-07 11:35:01,609 INFO  org.hibernate.dialect.Dialect.<init>:170 - HHH000400: Using dialect: org.hibernate.dialect.HSQLDialect
2021-01-07 11:35:02,159 INFO  org.hibernate.validator.internal.util.Version.<clinit>:21 - HV000001: Hibernate Validator 6.1.6.Final
2021-01-07 11:35:02,259 WARN  org.hibernate.orm.cache.createCache:108 - HHH90001006: Missing cache[ru.shurik16.graduation.model.User] was created on-the-fly. The created cache will use a provider-specific default configuration: make sure you defined one. You can disable this warning by setting 'hibernate.javax.cache.missing_cache_strategy' to 'create'.
2021-01-07 11:35:02,274 INFO  org.ehcache.core.EhcacheManager.createCache:305 - Cache 'ru.shurik16.graduation.model.User' created in EhcacheManager.
2021-01-07 11:35:02,284 WARN  org.hibernate.orm.cache.createCache:108 - HHH90001006: Missing cache[ru.shurik16.graduation.model.User.roles] was created on-the-fly. The created cache will use a provider-specific default configuration: make sure you defined one. You can disable this warning by setting 'hibernate.javax.cache.missing_cache_strategy' to 'create'.
2021-01-07 11:35:02,289 INFO  org.ehcache.core.EhcacheManager.createCache:305 - Cache 'ru.shurik16.graduation.model.User.roles' created in EhcacheManager.
2021-01-07 11:35:03,041 INFO  o.h.e.t.jta.platform.internal.JtaPlatformInitiator.initiateService:52 - HHH000490: Using JtaPlatform implementation: [org.hibernate.engine.transaction.jta.platform.internal.NoJtaPlatform]
2021-01-07 11:35:03,222 INFO  o.s.orm.jpa.LocalContainerEntityManagerFactoryBean.buildNativeEntityManagerFactory:434 - Initialized JPA EntityManagerFactory for persistence unit 'default'
2021-01-07 11:35:04,664 INFO  r.shurik16.graduation.web.user.AdminRestController.getAll:21 - getAll
2021-01-07 11:35:05,170 INFO  r.shurik16.graduation.web.user.AdminRestController.create:31 - create User{id=null, email=email@mail.ru, name=userName, enabled=true, roles=[ADMIN]}
2021-01-07 11:35:05,250 INFO  o.s.orm.jpa.LocalContainerEntityManagerFactoryBean.destroy:648 - Closing JPA EntityManagerFactory for persistence unit 'default'
2021-01-07 11:35:05,259 INFO  org.ehcache.core.EhcacheManager.removeCache:216 - Cache 'ru.shurik16.graduation.model.User' removed from EhcacheManager.
2021-01-07 11:35:05,261 INFO  org.ehcache.core.EhcacheManager.removeCache:216 - Cache 'ru.shurik16.graduation.model.User.roles' removed from EhcacheManager.
2021-01-07 11:35:05,271 INFO  org.ehcache.core.EhcacheManager.removeCache:216 - Cache 'users' removed from EhcacheManager.
2021-01-07 11:59:39,772 INFO  o.s.d.r.config.RepositoryConfigurationDelegate.registerRepositoriesIn:128 - Bootstrapping Spring Data JPA repositories in DEFAULT mode.
2021-01-07 11:59:40,423 INFO  o.s.d.r.config.RepositoryConfigurationDelegate.registerRepositoriesIn:188 - Finished Spring Data repository scanning in 531 ms. Found 1 JPA repository interfaces.
2021-01-07 11:59:42,674 INFO  org.ehcache.core.EhcacheManager.createCache:305 - Cache 'users' created in EhcacheManager.
2021-01-07 11:59:42,763 INFO  org.ehcache.jsr107.Eh107CacheManager.registerObject:389 - Registering Ehcache MBean javax.cache:type=CacheStatistics,CacheManager=file./C./projects/graduation/target/classes/cache/ehcache.xml,Cache=users
2021-01-07 11:59:42,903 INFO  org.ehcache.jsr107.Eh107CacheManager.registerObject:389 - Registering Ehcache MBean javax.cache:type=CacheStatistics,CacheManager=file./C./projects/graduation/target/classes/cache/ehcache.xml,Cache=users
2021-01-07 11:59:43,160 INFO  org.hibernate.jpa.internal.util.LogHelper.logPersistenceUnitInformation:31 - HHH000204: Processing PersistenceUnitInfo [name: default]
2021-01-07 11:59:43,283 INFO  org.hibernate.Version.logVersion:44 - HHH000412: Hibernate ORM core version 5.4.22.Final
2021-01-07 11:59:43,608 INFO  org.hibernate.annotations.common.Version.<clinit>:49 - HCANN000001: Hibernate Commons Annotations {5.1.0.Final}
2021-01-07 11:59:44,432 INFO  org.hibernate.dialect.Dialect.<init>:170 - HHH000400: Using dialect: org.hibernate.dialect.HSQLDialect
2021-01-07 11:59:45,019 INFO  org.hibernate.validator.internal.util.Version.<clinit>:21 - HV000001: Hibernate Validator 6.1.6.Final
2021-01-07 11:59:45,097 WARN  org.hibernate.orm.cache.createCache:108 - HHH90001006: Missing cache[ru.shurik16.graduation.model.User.roles] was created on-the-fly. The created cache will use a provider-specific default configuration: make sure you defined one. You can disable this warning by setting 'hibernate.javax.cache.missing_cache_strategy' to 'create'.
2021-01-07 11:59:45,112 INFO  org.ehcache.core.EhcacheManager.createCache:305 - Cache 'ru.shurik16.graduation.model.User.roles' created in EhcacheManager.
2021-01-07 11:59:45,119 WARN  org.hibernate.orm.cache.createCache:108 - HHH90001006: Missing cache[ru.shurik16.graduation.model.User] was created on-the-fly. The created cache will use a provider-specific default configuration: make sure you defined one. You can disable this warning by setting 'hibernate.javax.cache.missing_cache_strategy' to 'create'.
2021-01-07 11:59:45,125 INFO  org.ehcache.core.EhcacheManager.createCache:305 - Cache 'ru.shurik16.graduation.model.User' created in EhcacheManager.
2021-01-07 11:59:46,108 INFO  o.h.e.t.jta.platform.internal.JtaPlatformInitiator.initiateService:52 - HHH000490: Using JtaPlatform implementation: [org.hibernate.engine.transaction.jta.platform.internal.NoJtaPlatform]
2021-01-07 11:59:46,269 INFO  o.s.orm.jpa.LocalContainerEntityManagerFactoryBean.buildNativeEntityManagerFactory:434 - Initialized JPA EntityManagerFactory for persistence unit 'default'
2021-01-07 11:59:48,632 INFO  r.shurik16.graduation.web.user.AdminRestController.getAll:21 - getAll
2021-01-07 11:59:49,251 INFO  r.shurik16.graduation.web.user.AdminRestController.create:31 - create User{id=null, email=email@mail.ru, name=userName, enabled=true, roles=[ADMIN]}
2021-01-07 11:59:49,347 INFO  o.s.orm.jpa.LocalContainerEntityManagerFactoryBean.destroy:648 - Closing JPA EntityManagerFactory for persistence unit 'default'
2021-01-07 11:59:49,357 INFO  org.ehcache.core.EhcacheManager.removeCache:216 - Cache 'ru.shurik16.graduation.model.User' removed from EhcacheManager.
2021-01-07 11:59:49,361 INFO  org.ehcache.core.EhcacheManager.removeCache:216 - Cache 'ru.shurik16.graduation.model.User.roles' removed from EhcacheManager.
2021-01-07 11:59:49,481 INFO  org.ehcache.core.EhcacheManager.removeCache:216 - Cache 'users' removed from EhcacheManager.
2021-01-07 12:04:44,123 INFO  o.s.d.r.config.RepositoryConfigurationDelegate.registerRepositoriesIn:128 - Bootstrapping Spring Data JPA repositories in DEFAULT mode.
2021-01-07 12:04:44,362 INFO  o.s.d.r.config.RepositoryConfigurationDelegate.registerRepositoriesIn:188 - Finished Spring Data repository scanning in 201 ms. Found 1 JPA repository interfaces.
2021-01-07 12:04:46,585 INFO  org.ehcache.core.EhcacheManager.createCache:305 - Cache 'users' created in EhcacheManager.
2021-01-07 12:04:46,677 INFO  org.ehcache.jsr107.Eh107CacheManager.registerObject:389 - Registering Ehcache MBean javax.cache:type=CacheStatistics,CacheManager=file./C./projects/graduation/target/classes/cache/ehcache.xml,Cache=users
2021-01-07 12:04:46,823 INFO  org.ehcache.jsr107.Eh107CacheManager.registerObject:389 - Registering Ehcache MBean javax.cache:type=CacheStatistics,CacheManager=file./C./projects/graduation/target/classes/cache/ehcache.xml,Cache=users
2021-01-07 12:04:47,116 INFO  org.hibernate.jpa.internal.util.LogHelper.logPersistenceUnitInformation:31 - HHH000204: Processing PersistenceUnitInfo [name: default]
2021-01-07 12:04:47,276 INFO  org.hibernate.Version.logVersion:44 - HHH000412: Hibernate ORM core version 5.4.22.Final
2021-01-07 12:04:47,686 INFO  org.hibernate.annotations.common.Version.<clinit>:49 - HCANN000001: Hibernate Commons Annotations {5.1.0.Final}
2021-01-07 12:04:48,834 INFO  org.hibernate.dialect.Dialect.<init>:170 - HHH000400: Using dialect: org.hibernate.dialect.HSQLDialect
2021-01-07 12:04:49,553 INFO  org.hibernate.validator.internal.util.Version.<clinit>:21 - HV000001: Hibernate Validator 6.1.6.Final
2021-01-07 12:04:49,648 WARN  org.hibernate.orm.cache.createCache:108 - HHH90001006: Missing cache[ru.shurik16.graduation.model.User] was created on-the-fly. The created cache will use a provider-specific default configuration: make sure you defined one. You can disable this warning by setting 'hibernate.javax.cache.missing_cache_strategy' to 'create'.
2021-01-07 12:04:49,668 INFO  org.ehcache.core.EhcacheManager.createCache:305 - Cache 'ru.shurik16.graduation.model.User' created in EhcacheManager.
2021-01-07 12:04:49,674 WARN  org.hibernate.orm.cache.createCache:108 - HHH90001006: Missing cache[ru.shurik16.graduation.model.User.roles] was created on-the-fly. The created cache will use a provider-specific default configuration: make sure you defined one. You can disable this warning by setting 'hibernate.javax.cache.missing_cache_strategy' to 'create'.
2021-01-07 12:04:49,681 INFO  org.ehcache.core.EhcacheManager.createCache:305 - Cache 'ru.shurik16.graduation.model.User.roles' created in EhcacheManager.
2021-01-07 12:04:50,465 INFO  o.h.e.t.jta.platform.internal.JtaPlatformInitiator.initiateService:52 - HHH000490: Using JtaPlatform implementation: [org.hibernate.engine.transaction.jta.platform.internal.NoJtaPlatform]
2021-01-07 12:04:50,741 INFO  o.s.orm.jpa.LocalContainerEntityManagerFactoryBean.buildNativeEntityManagerFactory:434 - Initialized JPA EntityManagerFactory for persistence unit 'default'
2021-01-07 12:04:52,436 INFO  r.shurik16.graduation.web.user.AdminRestController.getAll:21 - getAll
2021-01-07 12:05:13,901 INFO  r.shurik16.graduation.web.user.AdminRestController.create:31 - create User{id=null, email=email@mail.ru, name=userName, enabled=true, roles=[ADMIN]}
2021-01-07 12:06:00,405 INFO  r.shurik16.graduation.web.user.AdminRestController.create:31 - create User{id=null, email=email@mail.ru, name=userName1, enabled=true, roles=[ADMIN]}
2021-01-07 12:06:01,205 WARN  org.hibernate.engine.jdbc.spi.SqlExceptionHelper.logExceptions:137 - SQL Error: -104, SQLState: 23505
2021-01-07 12:06:01,210 ERROR org.hibernate.engine.jdbc.spi.SqlExceptionHelper.logExceptions:142 - integrity constraint violation: unique constraint or index violation: USERS_UNIQUE_EMAIL_IDX
2021-01-07 12:06:02,015 INFO  o.s.orm.jpa.LocalContainerEntityManagerFactoryBean.destroy:648 - Closing JPA EntityManagerFactory for persistence unit 'default'
2021-01-07 12:06:02,055 INFO  org.ehcache.core.EhcacheManager.removeCache:216 - Cache 'ru.shurik16.graduation.model.User' removed from EhcacheManager.
2021-01-07 12:06:02,059 INFO  org.ehcache.core.EhcacheManager.removeCache:216 - Cache 'ru.shurik16.graduation.model.User.roles' removed from EhcacheManager.
2021-01-07 12:06:02,126 INFO  org.ehcache.core.EhcacheManager.removeCache:216 - Cache 'users' removed from EhcacheManager.
